<?xml version="1.0" encoding="UTF-8"?>
<coverage generated="1605894584806" clover="3.2.0">
  <project timestamp="1605894584806" name="All files">
    <metrics statements="8" coveredstatements="6" conditionals="0" coveredconditionals="0" methods="2" coveredmethods="1" elements="10" coveredelements="7" complexity="0" loc="8" ncloc="8" packages="1" files="1" classes="1"/>
    <file name="wine.js" path="/Users/liz/Desktop/JS130-Studyguide/Code/wine.js">
      <metrics statements="8" coveredstatements="6" conditionals="0" coveredconditionals="0" methods="2" coveredmethods="1"/>
      <line num="3" count="9" type="stmt"/>
      <line num="4" count="9" type="stmt"/>
      <line num="5" count="9" type="stmt"/>
      <line num="6" count="9" type="stmt"/>
      <line num="7" count="9" type="stmt"/>
      <line num="10" count="0" type="stmt"/>
      <line num="11" count="0" type="stmt"/>
      <line num="14" count="1" type="stmt"/>
    </file>
  </project>
</coverage>
