{"/Users/liz/Desktop/JS130-Studyguide/Code/wine.js": {"path":"/Users/liz/Desktop/JS130-Studyguide/Code/wine.js","statementMap":{"0":{"start":{"line":3,"column":4},"end":{"line":3,"column":21}},"1":{"start":{"line":4,"column":4},"end":{"line":4,"column":25}},"2":{"start":{"line":5,"column":4},"end":{"line":5,"column":25}},"3":{"start":{"line":6,"column":4},"end":{"line":6,"column":27}},"4":{"start":{"line":7,"column":4},"end":{"line":7,"column":24}},"5":{"start":{"line":10,"column":4},"end":{"line":10,"column":23}},"6":{"start":{"line":11,"column":4},"end":{"line":11,"column":29}},"7":{"start":{"line":14,"column":0},"end":{"line":14,"column":28}}},"fnMap":{"0":{"name":"(anonymous_0)","decl":{"start":{"line":2,"column":2},"end":{"line":2,"column":3}},"loc":{"start":{"line":2,"column":25},"end":{"line":8,"column":3}},"line":2},"1":{"name":"(anonymous_1)","decl":{"start":{"line":9,"column":2},"end":{"line":9,"column":3}},"loc":{"start":{"line":9,"column":19},"end":{"line":12,"column":3}},"line":9}},"branchMap":{},"s":{"0":9,"1":9,"2":9,"3":9,"4":9,"5":0,"6":0,"7":1},"f":{"0":9,"1":0},"b":{},"_coverageSchema":"1a1c01bbd47fc00a2c39e90264f33305004495a9","hash":"184eab9bf1d872ebba868ffe04fc487bacf5ddef"}
}
